<?xml version="1.0" encoding="UTF-8"?>
<!-- Generated by org.testng.reporters.JUnitReportReporter -->
<testsuite skipped="0" hostname="NHEMRAJ-X1DX3" name="eiffel.tower" tests="1" failures="0" timestamp="19 Feb 2019 10:35:52 GMT" time="0.009" errors="0">
  <testcase name="paris" time="0.009" classname="eiffel.tower"/>
</testsuite> <!-- eiffel.tower -->
